c:\skole\3d-programmering\github\3d-programming\opengl\opengl\x64\debug\vc143.pdb
c:\skole\3d-programmering\github\3d-programming\opengl\opengl\x64\debug\vc143.idb
c:\skole\3d-programmering\github\3d-programming\opengl\opengl\x64\debug\glad.obj
c:\skole\3d-programmering\github\3d-programming\opengl\opengl\x64\debug\cube.obj
c:\skole\3d-programmering\github\3d-programming\opengl\opengl\x64\debug\camera.obj
c:\skole\3d-programmering\github\3d-programming\opengl\opengl\x64\debug\main.obj
c:\skole\3d-programmering\github\3d-programming\opengl\opengl\x64\debug\window.obj
c:\skole\3d-programmering\github\3d-programming\opengl\opengl\x64\debug\shader.obj
c:\skole\3d-programmering\github\3d-programming\opengl\opengl\x64\debug\input.obj
c:\skole\3d-programmering\github\3d-programming\opengl\opengl\x64\debug\buffer.obj
c:\skole\3d-programmering\github\3d-programming\opengl\opengl\x64\debug\opengl.pch
c:\skole\3d-programmering\github\3d-programming\opengl\opengl\x64\debug\pch.obj
c:\skole\3d-programmering\github\3d-programming\opengl\x64\debug\opengl.exe
c:\skole\3d-programmering\github\3d-programming\opengl\x64\debug\opengl.pdb
c:\skole\3d-programmering\github\3d-programming\opengl\opengl\x64\debug\opengl.ilk
c:\skole\3d-programmering\github\3d-programming\opengl\opengl\x64\debug\collision.obj
c:\skole\3d-programmering\github\3d-programming\opengl\opengl\x64\debug\main.obj.enc
c:\skole\3d-programmering\github\3d-programming\opengl\opengl\x64\debug\opengl.tlog\cl.command.1.tlog
c:\skole\3d-programmering\github\3d-programming\opengl\opengl\x64\debug\opengl.tlog\cl.items.tlog
c:\skole\3d-programmering\github\3d-programming\opengl\opengl\x64\debug\opengl.tlog\cl.read.1.tlog
c:\skole\3d-programmering\github\3d-programming\opengl\opengl\x64\debug\opengl.tlog\cl.write.1.tlog
c:\skole\3d-programmering\github\3d-programming\opengl\opengl\x64\debug\opengl.tlog\link.command.1.tlog
c:\skole\3d-programmering\github\3d-programming\opengl\opengl\x64\debug\opengl.tlog\link.read.1.tlog
c:\skole\3d-programmering\github\3d-programming\opengl\opengl\x64\debug\opengl.tlog\link.secondary.1.tlog
c:\skole\3d-programmering\github\3d-programming\opengl\opengl\x64\debug\opengl.tlog\link.write.1.tlog
